<?xml version="1.0" encoding="UTF-8"?>
<testsuite name="co.com.sofka.runner.JsonPlaceHolder.userInfoJsonPlaceHolderTest" tests="0" skipped="0" failures="0" errors="0" timestamp="1970-01-01T00:00:00" hostname="DESKTOP-LIG7IFI" time="0.0">
  <properties/>
  <system-out><![CDATA[
2 Scenarios (?[32m2 passed?[0m)
6 Steps (?[32m6 passed?[0m)
0m20,690s


]]></system-out>
  <system-err><![CDATA[1344 [Test worker] WARN io.cucumber.junit.CucumberSerenityRunner - By default Cucumber is running in --non-strict mode.
This default will change to --strict and --non-strict will be removed.
You can use --strict or @CucumberOptions(strict = true) to suppress this warning
5368 [Test worker] INFO io.cucumber.core.plugin.SerenityReporter - Running feature from file:///C:/sofka/intellij/SerenityBDD/RestAPI/RestServicesTest/src/test/resources/features/JsonPlaceHolder/userInfoJsonPlaceHolder.feature
5368 [Test worker] WARN io.cucumber.core.plugin.SerenityReporter - Feature from file:///C:/sofka/intellij/SerenityBDD/RestAPI/RestServicesTest/src/test/resources/features/JsonPlaceHolder/userInfoJsonPlaceHolder.feature is not under the 'features' directory. Requirements report will not be correctly generated!
7446 [Test worker] INFO  - 

-------------------------------------------------------------------------------------
     _______. _______ .______       _______ .__   __.  __  .___________.____    ____ 
    /       ||   ____||   _  \     |   ____||  \ |  | |  | |           |\   \  /   / 
   |   (----`|  |__   |  |_)  |    |  |__   |   \|  | |  | `---|  |----` \   \/   /  
    \   \    |   __|  |      /     |   __|  |  . `  | |  |     |  |       \_    _/   
.----)   |   |  |____ |  |\  \----.|  |____ |  |\   | |  |     |  |         |  |     
|_______/    |_______|| _| `._____||_______||__| \__| |__|     |__|         |__|    
                                                                                     
 News and tutorials at http://www.serenity-bdd.info                                  
 Documentation at https://wakaleo.gitbooks.io/the-serenity-book/content/             
 Join the Serenity Community on Gitter: https://gitter.im/serenity-bdd/serenity-core 
 Serenity BDD Support and Training at http://serenity-bdd.info/#/trainingandsupport  
-------------------------------------------------------------------------------------

7482 [Test worker] INFO  - Test Suite Started: Información de usuario
]]></system-err>
</testsuite>
